  ConsoleApplication1.cpp
C:\Users\User\Desktop\же ву на гране срыва\2 сем\infa_2021_karasova\lab7\ConsoleApplication1\ConsoleApplication1.cpp(35,30): warning C4244: аргумент: преобразование "__int64" в "const _Ty", возможна потеря данных
          with
          [
              _Ty=int
          ]
C:\Users\User\Desktop\же ву на гране срыва\2 сем\infa_2021_karasova\lab7\ConsoleApplication1\ConsoleApplication1.cpp(55,49): warning C4244: аргумент: преобразование "__int64" в "_Ty", возможна потеря данных
          with
          [
              _Ty=int
          ]
C:\Users\User\Desktop\же ву на гране срыва\2 сем\infa_2021_karasova\lab7\ConsoleApplication1\ConsoleApplication1.cpp(71,47): warning C4244: аргумент: преобразование "__int64" в "_Ty", возможна потеря данных
          with
          [
              _Ty=int
          ]
C:\Users\User\Desktop\же ву на гране срыва\2 сем\infa_2021_karasova\lab7\ConsoleApplication1\ConsoleApplication1.cpp(107,43): warning C4244: аргумент: преобразование "__int64" в "_Ty", возможна потеря данных
          with
          [
              _Ty=int
          ]
C:\Users\User\Desktop\же ву на гране срыва\2 сем\infa_2021_karasova\lab7\ConsoleApplication1\ConsoleApplication1.cpp(123,41): warning C4244: аргумент: преобразование "__int64" в "_Ty", возможна потеря данных
          with
          [
              _Ty=int
          ]
C:\Users\User\Desktop\же ву на гране срыва\2 сем\infa_2021_karasova\lab7\ConsoleApplication1\ConsoleApplication1.cpp(158,39): warning C4244: аргумент: преобразование "__int64" в "const _Ty", возможна потеря данных
          with
          [
              _Ty=int
          ]
C:\Users\User\Desktop\же ву на гране срыва\2 сем\infa_2021_karasova\lab7\ConsoleApplication1\ConsoleApplication1.cpp(173,46): warning C4244: аргумент: преобразование "__int64" в "_Ty", возможна потеря данных
          with
          [
              _Ty=int
          ]
C:\Users\User\Desktop\же ву на гране срыва\2 сем\infa_2021_karasova\lab7\ConsoleApplication1\ConsoleApplication1.cpp(209,45): warning C4244: аргумент: преобразование "__int64" в "_Ty", возможна потеря данных
          with
          [
              _Ty=int
          ]
C:\Users\User\Desktop\же ву на гране срыва\2 сем\infa_2021_karasova\lab7\ConsoleApplication1\ConsoleApplication1.cpp(225,43): warning C4244: аргумент: преобразование "__int64" в "_Ty", возможна потеря данных
          with
          [
              _Ty=int
          ]
C:\Users\User\Desktop\же ву на гране срыва\2 сем\infa_2021_karasova\lab7\ConsoleApplication1\ConsoleApplication1.cpp(263,46): warning C4244: аргумент: преобразование "__int64" в "_Ty", возможна потеря данных
          with
          [
              _Ty=int
          ]
C:\Users\User\Desktop\же ву на гране срыва\2 сем\infa_2021_karasova\lab7\ConsoleApplication1\ConsoleApplication1.cpp(284,44): warning C4244: аргумент: преобразование "__int64" в "_Ty", возможна потеря данных
          with
          [
              _Ty=int
          ]
  ConsoleApplication1.vcxproj -> C:\Users\User\Desktop\же ву на гране срыва\2 сем\infa_2021_karasova\lab7\ConsoleApplication1\Debug\ConsoleApplication1.exe
